Using pre-set license
Built from '2020.3/staging' branch; Version is '2020.3.47f1 (5ef4f5b5e2d4) revision 6223093'; Using compiler version '192528614'; Build Type 'Release'
OS: 'Windows 10  (10.0.19045) 64bit Core' Language: 'en' Physical Memory: 32690 MB
BatchMode: 1, IsHumanControllingUs: 0, StartBugReporterOnCrash: 0, Is64bit: 1, IsPro: 0

COMMAND LINE ARGUMENTS:
C:\Unity\2020.3.47f1\Editor\Unity.exe
-adb2
-batchMode
-noUpm
-name
AssetImportWorker0
-projectPath
D:/Lab/Legends of Learning/LL_ESS2D2
-logFile
Logs/AssetImportWorker0.log
-srvPort
55337
Successfully changed project path to: D:/Lab/Legends of Learning/LL_ESS2D2
D:/Lab/Legends of Learning/LL_ESS2D2
Using Asset Import Pipeline V2.
Player connection [3340] Host "[IP] 192.168.0.13 [Port] 0 [Flags] 2 [Guid] 544847330 [EditorId] 544847330 [Version] 1048832 [Id] WindowsEditor(7,DESKTOP-SLNDSD2) [Debug] 1 [PackageName] WindowsEditor [ProjectName] Editor" joined multi-casting on [225.0.0.222:54997]...

Player connection [3340] Host "[IP] 192.168.0.13 [Port] 0 [Flags] 2 [Guid] 544847330 [EditorId] 544847330 [Version] 1048832 [Id] WindowsEditor(7,DESKTOP-SLNDSD2) [Debug] 1 [PackageName] WindowsEditor [ProjectName] Editor" joined alternative multi-casting on [225.0.0.222:34997]...

Refreshing native plugins compatible for Editor in 20.79 ms, found 0 plugins.
Preloading 0 native plugins for Editor in 0.00 ms.
Initialize engine version: 2020.3.47f1 (5ef4f5b5e2d4)
[Subsystems] Discovering subsystems at path C:/Unity/2020.3.47f1/Editor/Data/Resources/UnitySubsystems
[Subsystems] Discovering subsystems at path D:/Lab/Legends of Learning/LL_ESS2D2/Assets
GfxDevice: creating device client; threaded=0
Direct3D:
    Version:  Direct3D 11.0 [level 11.1]
    Renderer: NVIDIA GeForce RTX 3080 (ID=0x2206)
    Vendor:   
    VRAM:     10067 MB
    Driver:   31.0.15.3141
Shader 'M8/LitRepeatTile3D': fallback shader 'RepeatTile3D' not found
Shader 'M8/LitRepeatTileScroll3D': fallback shader 'RepeatTileScroll3D' not found
Initialize mono
Mono path[0] = 'C:/Unity/2020.3.47f1/Editor/Data/Managed'
Mono path[1] = 'C:/Unity/2020.3.47f1/Editor/Data/MonoBleedingEdge/lib/mono/unityjit'
Mono config path = 'C:/Unity/2020.3.47f1/Editor/Data/MonoBleedingEdge/etc'
Using monoOptions --debugger-agent=transport=dt_socket,embedding=1,server=y,suspend=n,address=127.0.0.1:56880
Begin MonoManager ReloadAssembly
Registering precompiled unity dll's ...
Register platform support module: C:/Unity/2020.3.47f1/Editor/Data/PlaybackEngines/WebGLSupport/UnityEditor.WebGL.Extensions.dll
Register platform support module: C:/Unity/2020.3.47f1/Editor/Data/PlaybackEngines/WindowsStandaloneSupport/UnityEditor.WindowsStandalone.Extensions.dll
Registered in 0.001751 seconds.
Native extension for WindowsStandalone target not found
Native extension for WebGL target not found
Refreshing native plugins compatible for Editor in 18.78 ms, found 0 plugins.
Preloading 0 native plugins for Editor in 0.00 ms.
Mono: successfully reloaded assembly
- Completed reload, in  0.369 seconds
Domain Reload Profiling:
	ReloadAssembly (369ms)
		BeginReloadAssembly (44ms)
			ExecutionOrderSort (0ms)
			DisableScriptedObjects (0ms)
			BackupInstance (0ms)
			ReleaseScriptingObjects (0ms)
			CreateAndSetChildDomain (0ms)
		EndReloadAssembly (279ms)
			LoadAssemblies (43ms)
			RebuildTransferFunctionScriptingTraits (0ms)
			SetupTypeCache (84ms)
			ReleaseScriptCaches (0ms)
			RebuildScriptCaches (21ms)
			SetupLoadedEditorAssemblies (107ms)
				LogAssemblyErrors (0ms)
				InitializePlatformSupportModulesInManaged (4ms)
				SetLoadedEditorAssemblies (0ms)
				RefreshPlugins (19ms)
				BeforeProcessingInitializeOnLoad (11ms)
				ProcessInitializeOnLoadAttributes (55ms)
				ProcessInitializeOnLoadMethodAttributes (18ms)
				AfterProcessingInitializeOnLoad (0ms)
				EditorAssembliesLoaded (0ms)
			ExecutionOrderSort2 (0ms)
			AwakeInstancesAfterBackupRestoration (0ms)
Platform modules already initialized, skipping
Registering precompiled user dll's ...
Registered in 0.003233 seconds.
Begin MonoManager ReloadAssembly
Native extension for WindowsStandalone target not found
Native extension for WebGL target not found
Refreshing native plugins compatible for Editor in 0.34 ms, found 0 plugins.
Preloading 0 native plugins for Editor in 0.00 ms.
Mono: successfully reloaded assembly
- Completed reload, in  0.534 seconds
Domain Reload Profiling:
	ReloadAssembly (535ms)
		BeginReloadAssembly (94ms)
			ExecutionOrderSort (0ms)
			DisableScriptedObjects (3ms)
			BackupInstance (0ms)
			ReleaseScriptingObjects (0ms)
			CreateAndSetChildDomain (14ms)
		EndReloadAssembly (402ms)
			LoadAssemblies (60ms)
			RebuildTransferFunctionScriptingTraits (0ms)
			SetupTypeCache (145ms)
			ReleaseScriptCaches (0ms)
			RebuildScriptCaches (26ms)
			SetupLoadedEditorAssemblies (130ms)
				LogAssemblyErrors (0ms)
				InitializePlatformSupportModulesInManaged (4ms)
				SetLoadedEditorAssemblies (0ms)
				RefreshPlugins (0ms)
				BeforeProcessingInitializeOnLoad (46ms)
				ProcessInitializeOnLoadAttributes (68ms)
				ProcessInitializeOnLoadMethodAttributes (5ms)
				AfterProcessingInitializeOnLoad (5ms)
				EditorAssembliesLoaded (0ms)
			ExecutionOrderSort2 (0ms)
			AwakeInstancesAfterBackupRestoration (1ms)
Platform modules already initialized, skipping
========================================================================
Worker process is ready to serve import requests
Shader 'M8/LitRepeatTile3D': fallback shader 'RepeatTile3D' not found
Shader 'M8/LitRepeatTileScroll3D': fallback shader 'RepeatTileScroll3D' not found
Launched and connected shader compiler UnityShaderCompiler.exe after 0.06 seconds
Refreshing native plugins compatible for Editor in 0.32 ms, found 0 plugins.
Preloading 0 native plugins for Editor in 0.00 ms.
Unloading 1215 Unused Serialized files (Serialized files now loaded: 0)
System memory in use before: 78.0 MB.
System memory in use after: 78.1 MB.

Unloading 25 unused Assets to reduce memory usage. Loaded Objects now: 1654.
Total: 1.902100 ms (FindLiveObjects: 0.103000 ms CreateObjectMapping: 0.031900 ms MarkObjects: 1.700600 ms  DeleteObjects: 0.065900 ms)

AssetImportParameters requested are different than current active one (requested -> active):
  custom:framework-win-MediaFoundation: 216162199b28c13a410421893ffa2e32 -> 
  custom:video-decoder-ogg-theora: a1e56fd34408186e4bbccfd4996cb3dc -> 
  custom:container-muxer-webm: aa71ff27fc2769a1b78a27578f13a17b -> 
  custom:container-demuxer-webm: 4f35f7cbe854078d1ac9338744f61a02 -> 
  custom:container-demuxer-ogg: 62fdf1f143b41e24485cea50d1cbac27 -> 
  custom:video-encoder-webm-vp8: eb34c28f22e8b96e1ab97ce403110664 -> 
  custom:video-decoder-webm-vp8: 9c59270c3fd7afecdb556c50c9e8de78 -> 
  custom:audio-decoder-ogg-vorbis: bf7c407c2cedff20999df2af8eb42d56 -> 
  custom:audio-encoder-webm-vorbis: bf7c407c2cedff20999df2af8eb42d56 -> 
========================================================================
Received Import Request.
  path: Assets/M8/Scripts/Debug/ColliderDebug.cs
  artifactKey: Guid(9fec8fba7f255c645a8dddc1656f5ccf) Importer(815301076,1909f56bfc062723c751e8b465ee728b)
Start importing Assets/M8/Scripts/Debug/ColliderDebug.cs using Guid(9fec8fba7f255c645a8dddc1656f5ccf) Importer(815301076,1909f56bfc062723c751e8b465ee728b)  -> (artifact id: '3cecb27785ba27407fceee730ab8e41e') in 0.025530 seconds 
========================================================================
Received Import Request.
  Time since last request: 4.803669 seconds.
  path: Assets/M8/Scripts/Game/WaypointManager.cs
  artifactKey: Guid(57dcd3fdb5cc7ef469b8188b0cd2dbd9) Importer(815301076,1909f56bfc062723c751e8b465ee728b)
Start importing Assets/M8/Scripts/Game/WaypointManager.cs using Guid(57dcd3fdb5cc7ef469b8188b0cd2dbd9) Importer(815301076,1909f56bfc062723c751e8b465ee728b)  -> (artifact id: 'f5c700b23837bd3fb24ed4aedc7c34d3') in 0.005455 seconds 
========================================================================
Received Import Request.
  Time since last request: 7.588935 seconds.
  path: Assets/M8/Scripts/Physics/RigidBodyController.cs
  artifactKey: Guid(4768cebd7ccf0f549925f238a5895e5e) Importer(815301076,1909f56bfc062723c751e8b465ee728b)
Start importing Assets/M8/Scripts/Physics/RigidBodyController.cs using Guid(4768cebd7ccf0f549925f238a5895e5e) Importer(815301076,1909f56bfc062723c751e8b465ee728b)  -> (artifact id: 'c00025a7043104a2f37a6e2c12aa2053') in 0.005361 seconds 
========================================================================
Received Import Request.
  Time since last request: 6.496528 seconds.
  path: Assets/M8/Scripts/Physics
  artifactKey: Guid(96aa5c14ecaf7034b9c02ad0f41c9385) Importer(815301076,1909f56bfc062723c751e8b465ee728b)
Start importing Assets/M8/Scripts/Physics using Guid(96aa5c14ecaf7034b9c02ad0f41c9385) Importer(815301076,1909f56bfc062723c751e8b465ee728b)  -> (artifact id: '3a192ee4c34a428049bbd553e0f76891') in 0.019710 seconds 
========================================================================
Received Import Request.
  Time since last request: 7.875533 seconds.
  path: Assets/M8/Scripts/Transform/TransUpLookAt.cs
  artifactKey: Guid(51cc5f5334712db4f887f4c9ee397493) Importer(815301076,1909f56bfc062723c751e8b465ee728b)
Start importing Assets/M8/Scripts/Transform/TransUpLookAt.cs using Guid(51cc5f5334712db4f887f4c9ee397493) Importer(815301076,1909f56bfc062723c751e8b465ee728b)  -> (artifact id: 'db8dc6f10c9a946778a02ca343a5023c') in 0.005022 seconds 
========================================================================
Received Import Request.
  Time since last request: 12.196314 seconds.
  path: Assets/M8/Scripts/Transform/TransUpLookAt.cs
  artifactKey: Guid(51cc5f5334712db4f887f4c9ee397493) Importer(815301076,1909f56bfc062723c751e8b465ee728b)
Start importing Assets/M8/Scripts/Transform/TransUpLookAt.cs using Guid(51cc5f5334712db4f887f4c9ee397493) Importer(815301076,1909f56bfc062723c751e8b465ee728b)  -> (artifact id: '45e0d90fefdb3cd6e9f33f3239b0aa93') in 0.002207 seconds 
========================================================================
Received Import Request.
  Time since last request: 13.213166 seconds.
  path: Assets/M8/Scripts/Auxiliary/AuxTrigger.cs
  artifactKey: Guid(112870a7de481334d99067ae80ec5764) Importer(815301076,1909f56bfc062723c751e8b465ee728b)
Start importing Assets/M8/Scripts/Auxiliary/AuxTrigger.cs using Guid(112870a7de481334d99067ae80ec5764) Importer(815301076,1909f56bfc062723c751e8b465ee728b)  -> (artifact id: '58be63d4f10252ec86e97209c8041bf1') in 0.004950 seconds 
========================================================================
Received Import Request.
  Time since last request: 3.540664 seconds.
  path: Assets/M8/Scripts/Auxiliary/AuxCollision.cs
  artifactKey: Guid(5c359e6bdf277f34e90a801fed8e87e1) Importer(815301076,1909f56bfc062723c751e8b465ee728b)
Start importing Assets/M8/Scripts/Auxiliary/AuxCollision.cs using Guid(5c359e6bdf277f34e90a801fed8e87e1) Importer(815301076,1909f56bfc062723c751e8b465ee728b)  -> (artifact id: '805e5206d687d8fadf68d966e87de49b') in 0.004875 seconds 
========================================================================
Received Import Request.
  Time since last request: 14.161901 seconds.
  path: Assets/M8/Scripts/Game/SensorCheckSphere.cs
  artifactKey: Guid(f7e6a8c70d98fb941a732b209447dad6) Importer(815301076,1909f56bfc062723c751e8b465ee728b)
Start importing Assets/M8/Scripts/Game/SensorCheckSphere.cs using Guid(f7e6a8c70d98fb941a732b209447dad6) Importer(815301076,1909f56bfc062723c751e8b465ee728b)  -> (artifact id: '7bb5b02386512e77e4876d5d9d248212') in 0.004691 seconds 
========================================================================
Received Import Request.
  Time since last request: 6.032427 seconds.
  path: Assets/M8/Scripts/Game/Sensor2D.cs
  artifactKey: Guid(8ea5cad8a4a654f489da2e55e077dede) Importer(815301076,1909f56bfc062723c751e8b465ee728b)
Start importing Assets/M8/Scripts/Game/Sensor2D.cs using Guid(8ea5cad8a4a654f489da2e55e077dede) Importer(815301076,1909f56bfc062723c751e8b465ee728b)  -> (artifact id: '4051a9895114be82e3181822dabf1028') in 0.005906 seconds 
========================================================================
Received Import Request.
  Time since last request: 1.780876 seconds.
  path: Assets/M8/Scripts/Game/Sensor.cs
  artifactKey: Guid(9c319a5119d551840ae2dda917d80b84) Importer(815301076,1909f56bfc062723c751e8b465ee728b)
Start importing Assets/M8/Scripts/Game/Sensor.cs using Guid(9c319a5119d551840ae2dda917d80b84) Importer(815301076,1909f56bfc062723c751e8b465ee728b)  -> (artifact id: 'a65b7a639548110134fabb666350e553') in 0.004832 seconds 
========================================================================
Received Import Request.
  Time since last request: 4.714648 seconds.
  path: Assets/M8/Scripts/Game/SensorCounter.cs
  artifactKey: Guid(d9c1ba7cb44bd19499e60e53f25c4c80) Importer(815301076,1909f56bfc062723c751e8b465ee728b)
Start importing Assets/M8/Scripts/Game/SensorCounter.cs using Guid(d9c1ba7cb44bd19499e60e53f25c4c80) Importer(815301076,1909f56bfc062723c751e8b465ee728b)  -> (artifact id: 'b9efb08122d7f4e3becf7f957d7f184c') in 0.005030 seconds 
========================================================================
Received Import Request.
  Time since last request: 5.077457 seconds.
  path: Assets/M8/Scripts/Game/WaypointData.cs
  artifactKey: Guid(895c6063846b432429bfe54bce8af987) Importer(815301076,1909f56bfc062723c751e8b465ee728b)
Start importing Assets/M8/Scripts/Game/WaypointData.cs using Guid(895c6063846b432429bfe54bce8af987) Importer(815301076,1909f56bfc062723c751e8b465ee728b)  -> (artifact id: '315412aeea6fbdf7a06042b9dad18655') in 0.004867 seconds 
========================================================================
Received Import Request.
  Time since last request: 15.566656 seconds.
  path: Assets/M8/Scripts/Game/EntityActivatorTrigger.cs
  artifactKey: Guid(9d33ea3f9a4c3a442855c6c1f251238d) Importer(815301076,1909f56bfc062723c751e8b465ee728b)
Start importing Assets/M8/Scripts/Game/EntityActivatorTrigger.cs using Guid(9d33ea3f9a4c3a442855c6c1f251238d) Importer(815301076,1909f56bfc062723c751e8b465ee728b)  -> (artifact id: '4fcb6138781ce165f5e16c0f5ad4908e') in 0.004640 seconds 
========================================================================
Received Import Request.
  Time since last request: 5.470611 seconds.
  path: Assets/M8/Scripts/Game/EntityWarp.cs
  artifactKey: Guid(d3b20f4c5799a2043bbe88286331d12a) Importer(815301076,1909f56bfc062723c751e8b465ee728b)
Start importing Assets/M8/Scripts/Game/EntityWarp.cs using Guid(d3b20f4c5799a2043bbe88286331d12a) Importer(815301076,1909f56bfc062723c751e8b465ee728b)  -> (artifact id: '84d2c6575ab07363f429ad8e5f4c6894') in 0.004729 seconds 
========================================================================
Received Import Request.
  Time since last request: 44.691897 seconds.
  path: Assets/DOTween/Modules/DOTweenModulePhysics.cs
  artifactKey: Guid(9e14686a44d710f499c421c03aa3e97b) Importer(815301076,1909f56bfc062723c751e8b465ee728b)
Start importing Assets/DOTween/Modules/DOTweenModulePhysics.cs using Guid(9e14686a44d710f499c421c03aa3e97b) Importer(815301076,1909f56bfc062723c751e8b465ee728b)  -> (artifact id: '37c75588374d3b7683622965ac8b25d4') in 0.004818 seconds 
========================================================================
Received Import Request.
  Time since last request: 9.179849 seconds.
  path: Assets/M8/Scripts/GameObject/GOAttach.cs
  artifactKey: Guid(52b813b72af523543829efa15b8f7cd0) Importer(815301076,1909f56bfc062723c751e8b465ee728b)
Start importing Assets/M8/Scripts/GameObject/GOAttach.cs using Guid(52b813b72af523543829efa15b8f7cd0) Importer(815301076,1909f56bfc062723c751e8b465ee728b)  -> (artifact id: '734e827f81fa43e20cfcb11c471d5e9c') in 0.005308 seconds 
========================================================================
Received Import Request.
  Time since last request: 19.288774 seconds.
  path: Assets/M8/Scripts/GameObject/GOAttach.cs
  artifactKey: Guid(52b813b72af523543829efa15b8f7cd0) Importer(815301076,1909f56bfc062723c751e8b465ee728b)
Start importing Assets/M8/Scripts/GameObject/GOAttach.cs using Guid(52b813b72af523543829efa15b8f7cd0) Importer(815301076,1909f56bfc062723c751e8b465ee728b)  -> (artifact id: '0f2bd33a2ede22d594d90a31b2bd66d7') in 0.001888 seconds 
========================================================================
Received Import Request.
  Time since last request: 95.218635 seconds.
  path: Assets/M8/Scripts/UIModal/Helpers/ActivateColliders.cs
  artifactKey: Guid(b65d5a069f7b9b74b801a6506e4ee9c8) Importer(815301076,1909f56bfc062723c751e8b465ee728b)
Start importing Assets/M8/Scripts/UIModal/Helpers/ActivateColliders.cs using Guid(b65d5a069f7b9b74b801a6506e4ee9c8) Importer(815301076,1909f56bfc062723c751e8b465ee728b)  -> (artifact id: 'f4e38870ed90780dac7460b4c290a4b3') in 0.004790 seconds 
========================================================================
Received Import Request.
  Time since last request: 1.915034 seconds.
  path: Assets/M8/Scripts/UIModal/Helpers/ActivateSelect.cs
  artifactKey: Guid(01cf25f22b5cd06439c4cddb2cd21781) Importer(815301076,1909f56bfc062723c751e8b465ee728b)
Start importing Assets/M8/Scripts/UIModal/Helpers/ActivateSelect.cs using Guid(01cf25f22b5cd06439c4cddb2cd21781) Importer(815301076,1909f56bfc062723c751e8b465ee728b)  -> (artifact id: 'b9b77c9d587d6eb51f84a1f5cacbf376') in 0.005120 seconds 
========================================================================
Received Import Request.
  Time since last request: 339.356404 seconds.
  path: Assets/M8/Editor/Game/WaypointManagerInspector.cs
  artifactKey: Guid(c51af883d30854b46b35dcc9ff38f6da) Importer(815301076,1909f56bfc062723c751e8b465ee728b)
Start importing Assets/M8/Editor/Game/WaypointManagerInspector.cs using Guid(c51af883d30854b46b35dcc9ff38f6da) Importer(815301076,1909f56bfc062723c751e8b465ee728b)  -> (artifact id: 'd1803bf7167d4e542aff6a78447d7c62') in 0.004780 seconds 
========================================================================
Received Prepare
Registering precompiled user dll's ...
Registered in 0.003029 seconds.
Begin MonoManager ReloadAssembly
Native extension for WindowsStandalone target not found
Native extension for WebGL target not found
Refreshing native plugins compatible for Editor in 0.34 ms, found 0 plugins.
Preloading 0 native plugins for Editor in 0.00 ms.
Mono: successfully reloaded assembly
- Completed reload, in  0.564 seconds
Domain Reload Profiling:
	ReloadAssembly (564ms)
		BeginReloadAssembly (84ms)
			ExecutionOrderSort (0ms)
			DisableScriptedObjects (3ms)
			BackupInstance (0ms)
			ReleaseScriptingObjects (0ms)
			CreateAndSetChildDomain (22ms)
		EndReloadAssembly (440ms)
			LoadAssemblies (66ms)
			RebuildTransferFunctionScriptingTraits (0ms)
			SetupTypeCache (166ms)
			ReleaseScriptCaches (1ms)
			RebuildScriptCaches (38ms)
			SetupLoadedEditorAssemblies (129ms)
				LogAssemblyErrors (0ms)
				InitializePlatformSupportModulesInManaged (4ms)
				SetLoadedEditorAssemblies (0ms)
				RefreshPlugins (0ms)
				BeforeProcessingInitializeOnLoad (46ms)
				ProcessInitializeOnLoadAttributes (68ms)
				ProcessInitializeOnLoadMethodAttributes (5ms)
				AfterProcessingInitializeOnLoad (5ms)
				EditorAssembliesLoaded (0ms)
			ExecutionOrderSort2 (0ms)
			AwakeInstancesAfterBackupRestoration (1ms)
Platform modules already initialized, skipping
Shader 'M8/LitRepeatTile3D': fallback shader 'RepeatTile3D' not found
Shader 'M8/LitRepeatTileScroll3D': fallback shader 'RepeatTileScroll3D' not found
Refreshing native plugins compatible for Editor in 0.33 ms, found 0 plugins.
Preloading 0 native plugins for Editor in 0.00 ms.
Unloading 1086 Unused Serialized files (Serialized files now loaded: 0)
System memory in use before: 68.3 MB.
System memory in use after: 68.4 MB.

Unloading 21 unused Assets to reduce memory usage. Loaded Objects now: 1657.
Total: 1.997000 ms (FindLiveObjects: 0.102600 ms CreateObjectMapping: 0.028800 ms MarkObjects: 1.811300 ms  DeleteObjects: 0.053500 ms)

AssetImportParameters requested are different than current active one (requested -> active):
  custom:framework-win-MediaFoundation: 216162199b28c13a410421893ffa2e32 -> 
  custom:video-decoder-ogg-theora: a1e56fd34408186e4bbccfd4996cb3dc -> 
  custom:container-muxer-webm: aa71ff27fc2769a1b78a27578f13a17b -> 
  custom:container-demuxer-webm: 4f35f7cbe854078d1ac9338744f61a02 -> 
  custom:container-demuxer-ogg: 62fdf1f143b41e24485cea50d1cbac27 -> 
  custom:video-encoder-webm-vp8: eb34c28f22e8b96e1ab97ce403110664 -> 
  custom:video-decoder-webm-vp8: 9c59270c3fd7afecdb556c50c9e8de78 -> 
  custom:audio-decoder-ogg-vorbis: bf7c407c2cedff20999df2af8eb42d56 -> 
  custom:audio-encoder-webm-vorbis: bf7c407c2cedff20999df2af8eb42d56 -> 
========================================================================
Received Prepare
Shader 'M8/LitRepeatTile3D': fallback shader 'RepeatTile3D' not found
Shader 'M8/LitRepeatTileScroll3D': fallback shader 'RepeatTileScroll3D' not found
Refreshing native plugins compatible for Editor in 2.43 ms, found 0 plugins.
Preloading 0 native plugins for Editor in 0.00 ms.
Unloading 20 Unused Serialized files (Serialized files now loaded: 0)
System memory in use before: 47.1 MB.
System memory in use after: 47.1 MB.

Unloading 19 unused Assets to reduce memory usage. Loaded Objects now: 1657.
Total: 2.028300 ms (FindLiveObjects: 0.143000 ms CreateObjectMapping: 0.048000 ms MarkObjects: 1.785200 ms  DeleteObjects: 0.051500 ms)

AssetImportParameters requested are different than current active one (requested -> active):
  custom:framework-win-MediaFoundation: 216162199b28c13a410421893ffa2e32 -> 
  custom:video-decoder-ogg-theora: a1e56fd34408186e4bbccfd4996cb3dc -> 
  custom:container-muxer-webm: aa71ff27fc2769a1b78a27578f13a17b -> 
  custom:container-demuxer-webm: 4f35f7cbe854078d1ac9338744f61a02 -> 
  custom:container-demuxer-ogg: 62fdf1f143b41e24485cea50d1cbac27 -> 
  custom:video-encoder-webm-vp8: eb34c28f22e8b96e1ab97ce403110664 -> 
  custom:video-decoder-webm-vp8: 9c59270c3fd7afecdb556c50c9e8de78 -> 
  custom:audio-decoder-ogg-vorbis: bf7c407c2cedff20999df2af8eb42d56 -> 
  custom:audio-encoder-webm-vorbis: bf7c407c2cedff20999df2af8eb42d56 -> 
========================================================================
Received Prepare
Registering precompiled user dll's ...
Registered in 0.003243 seconds.
Begin MonoManager ReloadAssembly
Native extension for WindowsStandalone target not found
Native extension for WebGL target not found
Refreshing native plugins compatible for Editor in 0.33 ms, found 0 plugins.
Preloading 0 native plugins for Editor in 0.00 ms.
Mono: successfully reloaded assembly
- Completed reload, in  0.534 seconds
Domain Reload Profiling:
	ReloadAssembly (534ms)
		BeginReloadAssembly (78ms)
			ExecutionOrderSort (0ms)
			DisableScriptedObjects (3ms)
			BackupInstance (0ms)
			ReleaseScriptingObjects (0ms)
			CreateAndSetChildDomain (21ms)
		EndReloadAssembly (415ms)
			LoadAssemblies (62ms)
			RebuildTransferFunctionScriptingTraits (0ms)
			SetupTypeCache (145ms)
			ReleaseScriptCaches (1ms)
			RebuildScriptCaches (34ms)
			SetupLoadedEditorAssemblies (132ms)
				LogAssemblyErrors (0ms)
				InitializePlatformSupportModulesInManaged (4ms)
				SetLoadedEditorAssemblies (0ms)
				RefreshPlugins (0ms)
				BeforeProcessingInitializeOnLoad (47ms)
				ProcessInitializeOnLoadAttributes (69ms)
				ProcessInitializeOnLoadMethodAttributes (5ms)
				AfterProcessingInitializeOnLoad (5ms)
				EditorAssembliesLoaded (0ms)
			ExecutionOrderSort2 (0ms)
			AwakeInstancesAfterBackupRestoration (1ms)
Platform modules already initialized, skipping
Shader 'M8/LitRepeatTile3D': fallback shader 'RepeatTile3D' not found
Shader 'M8/LitRepeatTileScroll3D': fallback shader 'RepeatTileScroll3D' not found
Refreshing native plugins compatible for Editor in 0.30 ms, found 0 plugins.
Preloading 0 native plugins for Editor in 0.00 ms.
Unloading 1086 Unused Serialized files (Serialized files now loaded: 0)
System memory in use before: 68.4 MB.
System memory in use after: 68.4 MB.

Unloading 21 unused Assets to reduce memory usage. Loaded Objects now: 1660.
Total: 1.823900 ms (FindLiveObjects: 0.091300 ms CreateObjectMapping: 0.028500 ms MarkObjects: 1.660800 ms  DeleteObjects: 0.042700 ms)

AssetImportParameters requested are different than current active one (requested -> active):
  custom:framework-win-MediaFoundation: 216162199b28c13a410421893ffa2e32 -> 
  custom:video-decoder-ogg-theora: a1e56fd34408186e4bbccfd4996cb3dc -> 
  custom:container-muxer-webm: aa71ff27fc2769a1b78a27578f13a17b -> 
  custom:container-demuxer-webm: 4f35f7cbe854078d1ac9338744f61a02 -> 
  custom:container-demuxer-ogg: 62fdf1f143b41e24485cea50d1cbac27 -> 
  custom:video-encoder-webm-vp8: eb34c28f22e8b96e1ab97ce403110664 -> 
  custom:video-decoder-webm-vp8: 9c59270c3fd7afecdb556c50c9e8de78 -> 
  custom:audio-decoder-ogg-vorbis: bf7c407c2cedff20999df2af8eb42d56 -> 
  custom:audio-encoder-webm-vorbis: bf7c407c2cedff20999df2af8eb42d56 -> 
========================================================================
Received Prepare
Registering precompiled user dll's ...
Registered in 0.003031 seconds.
Begin MonoManager ReloadAssembly
Native extension for WindowsStandalone target not found
Native extension for WebGL target not found
Refreshing native plugins compatible for Editor in 0.34 ms, found 0 plugins.
Preloading 0 native plugins for Editor in 0.00 ms.
Mono: successfully reloaded assembly
- Completed reload, in  0.542 seconds
Domain Reload Profiling:
	ReloadAssembly (542ms)
		BeginReloadAssembly (79ms)
			ExecutionOrderSort (0ms)
			DisableScriptedObjects (4ms)
			BackupInstance (0ms)
			ReleaseScriptingObjects (0ms)
			CreateAndSetChildDomain (21ms)
		EndReloadAssembly (421ms)
			LoadAssemblies (62ms)
			RebuildTransferFunctionScriptingTraits (0ms)
			SetupTypeCache (149ms)
			ReleaseScriptCaches (1ms)
			RebuildScriptCaches (33ms)
			SetupLoadedEditorAssemblies (136ms)
				LogAssemblyErrors (0ms)
				InitializePlatformSupportModulesInManaged (4ms)
				SetLoadedEditorAssemblies (0ms)
				RefreshPlugins (0ms)
				BeforeProcessingInitializeOnLoad (51ms)
				ProcessInitializeOnLoadAttributes (69ms)
				ProcessInitializeOnLoadMethodAttributes (5ms)
				AfterProcessingInitializeOnLoad (5ms)
				EditorAssembliesLoaded (0ms)
			ExecutionOrderSort2 (0ms)
			AwakeInstancesAfterBackupRestoration (1ms)
Platform modules already initialized, skipping
Shader 'M8/LitRepeatTile3D': fallback shader 'RepeatTile3D' not found
Shader 'M8/LitRepeatTileScroll3D': fallback shader 'RepeatTileScroll3D' not found
Refreshing native plugins compatible for Editor in 0.30 ms, found 0 plugins.
Preloading 0 native plugins for Editor in 0.00 ms.
Unloading 1086 Unused Serialized files (Serialized files now loaded: 0)
System memory in use before: 68.4 MB.
System memory in use after: 68.5 MB.

Unloading 21 unused Assets to reduce memory usage. Loaded Objects now: 1663.
Total: 1.875600 ms (FindLiveObjects: 0.089500 ms CreateObjectMapping: 0.025900 ms MarkObjects: 1.713600 ms  DeleteObjects: 0.046100 ms)

AssetImportParameters requested are different than current active one (requested -> active):
  custom:framework-win-MediaFoundation: 216162199b28c13a410421893ffa2e32 -> 
  custom:video-decoder-ogg-theora: a1e56fd34408186e4bbccfd4996cb3dc -> 
  custom:container-muxer-webm: aa71ff27fc2769a1b78a27578f13a17b -> 
  custom:container-demuxer-webm: 4f35f7cbe854078d1ac9338744f61a02 -> 
  custom:container-demuxer-ogg: 62fdf1f143b41e24485cea50d1cbac27 -> 
  custom:video-encoder-webm-vp8: eb34c28f22e8b96e1ab97ce403110664 -> 
  custom:video-decoder-webm-vp8: 9c59270c3fd7afecdb556c50c9e8de78 -> 
  custom:audio-decoder-ogg-vorbis: bf7c407c2cedff20999df2af8eb42d56 -> 
  custom:audio-encoder-webm-vorbis: bf7c407c2cedff20999df2af8eb42d56 -> 
========================================================================
Received Prepare
Registering precompiled user dll's ...
Registered in 0.003004 seconds.
Begin MonoManager ReloadAssembly
Native extension for WindowsStandalone target not found
Native extension for WebGL target not found
Refreshing native plugins compatible for Editor in 0.34 ms, found 0 plugins.
Preloading 0 native plugins for Editor in 0.00 ms.
Mono: successfully reloaded assembly
- Completed reload, in  0.538 seconds
Domain Reload Profiling:
	ReloadAssembly (538ms)
		BeginReloadAssembly (79ms)
			ExecutionOrderSort (0ms)
			DisableScriptedObjects (3ms)
			BackupInstance (0ms)
			ReleaseScriptingObjects (0ms)
			CreateAndSetChildDomain (20ms)
		EndReloadAssembly (420ms)
			LoadAssemblies (63ms)
			RebuildTransferFunctionScriptingTraits (0ms)
			SetupTypeCache (147ms)
			ReleaseScriptCaches (1ms)
			RebuildScriptCaches (36ms)
			SetupLoadedEditorAssemblies (133ms)
				LogAssemblyErrors (0ms)
				InitializePlatformSupportModulesInManaged (4ms)
				SetLoadedEditorAssemblies (0ms)
				RefreshPlugins (0ms)
				BeforeProcessingInitializeOnLoad (47ms)
				ProcessInitializeOnLoadAttributes (70ms)
				ProcessInitializeOnLoadMethodAttributes (5ms)
				AfterProcessingInitializeOnLoad (5ms)
				EditorAssembliesLoaded (0ms)
			ExecutionOrderSort2 (0ms)
			AwakeInstancesAfterBackupRestoration (1ms)
Platform modules already initialized, skipping
Shader 'M8/LitRepeatTile3D': fallback shader 'RepeatTile3D' not found
Shader 'M8/LitRepeatTileScroll3D': fallback shader 'RepeatTileScroll3D' not found
Refreshing native plugins compatible for Editor in 0.30 ms, found 0 plugins.
Preloading 0 native plugins for Editor in 0.00 ms.
Unloading 1086 Unused Serialized files (Serialized files now loaded: 0)
System memory in use before: 68.4 MB.
System memory in use after: 68.4 MB.

Unloading 21 unused Assets to reduce memory usage. Loaded Objects now: 1666.
Total: 1.871800 ms (FindLiveObjects: 0.092500 ms CreateObjectMapping: 0.029200 ms MarkObjects: 1.704600 ms  DeleteObjects: 0.044900 ms)

AssetImportParameters requested are different than current active one (requested -> active):
  custom:framework-win-MediaFoundation: 216162199b28c13a410421893ffa2e32 -> 
  custom:video-decoder-ogg-theora: a1e56fd34408186e4bbccfd4996cb3dc -> 
  custom:container-muxer-webm: aa71ff27fc2769a1b78a27578f13a17b -> 
  custom:container-demuxer-webm: 4f35f7cbe854078d1ac9338744f61a02 -> 
  custom:container-demuxer-ogg: 62fdf1f143b41e24485cea50d1cbac27 -> 
  custom:video-encoder-webm-vp8: eb34c28f22e8b96e1ab97ce403110664 -> 
  custom:video-decoder-webm-vp8: 9c59270c3fd7afecdb556c50c9e8de78 -> 
  custom:audio-decoder-ogg-vorbis: bf7c407c2cedff20999df2af8eb42d56 -> 
  custom:audio-encoder-webm-vorbis: bf7c407c2cedff20999df2af8eb42d56 -> 
========================================================================
Received Prepare
Registering precompiled user dll's ...
Registered in 0.003101 seconds.
Begin MonoManager ReloadAssembly
Native extension for WindowsStandalone target not found
Native extension for WebGL target not found
Refreshing native plugins compatible for Editor in 0.33 ms, found 0 plugins.
Preloading 0 native plugins for Editor in 0.00 ms.
Mono: successfully reloaded assembly
- Completed reload, in  0.534 seconds
Domain Reload Profiling:
	ReloadAssembly (534ms)
		BeginReloadAssembly (76ms)
			ExecutionOrderSort (0ms)
			DisableScriptedObjects (3ms)
			BackupInstance (0ms)
			ReleaseScriptingObjects (0ms)
			CreateAndSetChildDomain (19ms)
		EndReloadAssembly (415ms)
			LoadAssemblies (63ms)
			RebuildTransferFunctionScriptingTraits (0ms)
			SetupTypeCache (145ms)
			ReleaseScriptCaches (1ms)
			RebuildScriptCaches (36ms)
			SetupLoadedEditorAssemblies (129ms)
				LogAssemblyErrors (0ms)
				InitializePlatformSupportModulesInManaged (4ms)
				SetLoadedEditorAssemblies (0ms)
				RefreshPlugins (0ms)
				BeforeProcessingInitializeOnLoad (46ms)
				ProcessInitializeOnLoadAttributes (68ms)
				ProcessInitializeOnLoadMethodAttributes (5ms)
				AfterProcessingInitializeOnLoad (5ms)
				EditorAssembliesLoaded (0ms)
			ExecutionOrderSort2 (0ms)
			AwakeInstancesAfterBackupRestoration (1ms)
Platform modules already initialized, skipping
Shader 'M8/LitRepeatTile3D': fallback shader 'RepeatTile3D' not found
Shader 'M8/LitRepeatTileScroll3D': fallback shader 'RepeatTileScroll3D' not found
Refreshing native plugins compatible for Editor in 0.32 ms, found 0 plugins.
Preloading 0 native plugins for Editor in 0.00 ms.
Unloading 1086 Unused Serialized files (Serialized files now loaded: 0)
System memory in use before: 68.4 MB.
System memory in use after: 68.4 MB.

Unloading 21 unused Assets to reduce memory usage. Loaded Objects now: 1669.
Total: 1.771300 ms (FindLiveObjects: 0.089000 ms CreateObjectMapping: 0.023900 ms MarkObjects: 1.615500 ms  DeleteObjects: 0.042300 ms)

AssetImportParameters requested are different than current active one (requested -> active):
  custom:framework-win-MediaFoundation: 216162199b28c13a410421893ffa2e32 -> 
  custom:video-decoder-ogg-theora: a1e56fd34408186e4bbccfd4996cb3dc -> 
  custom:container-muxer-webm: aa71ff27fc2769a1b78a27578f13a17b -> 
  custom:container-demuxer-webm: 4f35f7cbe854078d1ac9338744f61a02 -> 
  custom:container-demuxer-ogg: 62fdf1f143b41e24485cea50d1cbac27 -> 
  custom:video-encoder-webm-vp8: eb34c28f22e8b96e1ab97ce403110664 -> 
  custom:video-decoder-webm-vp8: 9c59270c3fd7afecdb556c50c9e8de78 -> 
  custom:audio-decoder-ogg-vorbis: bf7c407c2cedff20999df2af8eb42d56 -> 
  custom:audio-encoder-webm-vorbis: bf7c407c2cedff20999df2af8eb42d56 -> 
========================================================================
Received Prepare
Registering precompiled user dll's ...
Registered in 0.003231 seconds.
Begin MonoManager ReloadAssembly
Native extension for WindowsStandalone target not found
Native extension for WebGL target not found
Refreshing native plugins compatible for Editor in 0.35 ms, found 0 plugins.
Preloading 0 native plugins for Editor in 0.00 ms.
Mono: successfully reloaded assembly
- Completed reload, in  0.543 seconds
Domain Reload Profiling:
	ReloadAssembly (544ms)
		BeginReloadAssembly (75ms)
			ExecutionOrderSort (0ms)
			DisableScriptedObjects (3ms)
			BackupInstance (0ms)
			ReleaseScriptingObjects (0ms)
			CreateAndSetChildDomain (19ms)
		EndReloadAssembly (430ms)
			LoadAssemblies (60ms)
			RebuildTransferFunctionScriptingTraits (0ms)
			SetupTypeCache (146ms)
			ReleaseScriptCaches (1ms)
			RebuildScriptCaches (35ms)
			SetupLoadedEditorAssemblies (143ms)
				LogAssemblyErrors (0ms)
				InitializePlatformSupportModulesInManaged (4ms)
				SetLoadedEditorAssemblies (0ms)
				RefreshPlugins (0ms)
				BeforeProcessingInitializeOnLoad (51ms)
				ProcessInitializeOnLoadAttributes (76ms)
				ProcessInitializeOnLoadMethodAttributes (6ms)
				AfterProcessingInitializeOnLoad (5ms)
				EditorAssembliesLoaded (0ms)
			ExecutionOrderSort2 (0ms)
			AwakeInstancesAfterBackupRestoration (1ms)
Platform modules already initialized, skipping
Shader 'M8/LitRepeatTile3D': fallback shader 'RepeatTile3D' not found
Shader 'M8/LitRepeatTileScroll3D': fallback shader 'RepeatTileScroll3D' not found
Refreshing native plugins compatible for Editor in 0.35 ms, found 0 plugins.
Preloading 0 native plugins for Editor in 0.00 ms.
Unloading 1196 Unused Serialized files (Serialized files now loaded: 0)
System memory in use before: 73.5 MB.
System memory in use after: 73.5 MB.

Unloading 22 unused Assets to reduce memory usage. Loaded Objects now: 1781.
Total: 1.974400 ms (FindLiveObjects: 0.112400 ms CreateObjectMapping: 0.036200 ms MarkObjects: 1.760800 ms  DeleteObjects: 0.064200 ms)

AssetImportParameters requested are different than current active one (requested -> active):
  custom:framework-win-MediaFoundation: 216162199b28c13a410421893ffa2e32 -> 
  custom:video-decoder-ogg-theora: a1e56fd34408186e4bbccfd4996cb3dc -> 
  custom:container-muxer-webm: aa71ff27fc2769a1b78a27578f13a17b -> 
  custom:container-demuxer-webm: 4f35f7cbe854078d1ac9338744f61a02 -> 
  custom:container-demuxer-ogg: 62fdf1f143b41e24485cea50d1cbac27 -> 
  custom:video-encoder-webm-vp8: eb34c28f22e8b96e1ab97ce403110664 -> 
  custom:video-decoder-webm-vp8: 9c59270c3fd7afecdb556c50c9e8de78 -> 
  custom:audio-decoder-ogg-vorbis: bf7c407c2cedff20999df2af8eb42d56 -> 
  custom:audio-encoder-webm-vorbis: bf7c407c2cedff20999df2af8eb42d56 -> 
========================================================================
Received Prepare
Shader 'M8/LitRepeatTile3D': fallback shader 'RepeatTile3D' not found
Shader 'M8/LitRepeatTileScroll3D': fallback shader 'RepeatTileScroll3D' not found
Refreshing native plugins compatible for Editor in 2.51 ms, found 0 plugins.
Preloading 0 native plugins for Editor in 0.00 ms.
Unloading 21 Unused Serialized files (Serialized files now loaded: 0)
System memory in use before: 50.0 MB.
System memory in use after: 50.1 MB.

Unloading 18 unused Assets to reduce memory usage. Loaded Objects now: 1783.
Total: 2.046900 ms (FindLiveObjects: 0.133300 ms CreateObjectMapping: 0.048900 ms MarkObjects: 1.851800 ms  DeleteObjects: 0.012400 ms)

AssetImportParameters requested are different than current active one (requested -> active):
  custom:framework-win-MediaFoundation: 216162199b28c13a410421893ffa2e32 -> 
  custom:video-decoder-ogg-theora: a1e56fd34408186e4bbccfd4996cb3dc -> 
  custom:container-muxer-webm: aa71ff27fc2769a1b78a27578f13a17b -> 
  custom:container-demuxer-webm: 4f35f7cbe854078d1ac9338744f61a02 -> 
  custom:container-demuxer-ogg: 62fdf1f143b41e24485cea50d1cbac27 -> 
  custom:video-encoder-webm-vp8: eb34c28f22e8b96e1ab97ce403110664 -> 
  custom:video-decoder-webm-vp8: 9c59270c3fd7afecdb556c50c9e8de78 -> 
  custom:audio-decoder-ogg-vorbis: bf7c407c2cedff20999df2af8eb42d56 -> 
  custom:audio-encoder-webm-vorbis: bf7c407c2cedff20999df2af8eb42d56 -> 
========================================================================
Received Prepare
Registering precompiled user dll's ...
Registered in 0.003743 seconds.
Begin MonoManager ReloadAssembly
Native extension for WindowsStandalone target not found
Native extension for WebGL target not found
Refreshing native plugins compatible for Editor in 0.38 ms, found 0 plugins.
Preloading 0 native plugins for Editor in 0.00 ms.
Mono: successfully reloaded assembly
- Completed reload, in  0.573 seconds
Domain Reload Profiling:
	ReloadAssembly (573ms)
		BeginReloadAssembly (80ms)
			ExecutionOrderSort (0ms)
			DisableScriptedObjects (4ms)
			BackupInstance (0ms)
			ReleaseScriptingObjects (0ms)
			CreateAndSetChildDomain (20ms)
		EndReloadAssembly (451ms)
			LoadAssemblies (66ms)
			RebuildTransferFunctionScriptingTraits (0ms)
			SetupTypeCache (160ms)
			ReleaseScriptCaches (1ms)
			RebuildScriptCaches (43ms)
			SetupLoadedEditorAssemblies (136ms)
				LogAssemblyErrors (0ms)
				InitializePlatformSupportModulesInManaged (4ms)
				SetLoadedEditorAssemblies (0ms)
				RefreshPlugins (0ms)
				BeforeProcessingInitializeOnLoad (50ms)
				ProcessInitializeOnLoadAttributes (70ms)
				ProcessInitializeOnLoadMethodAttributes (6ms)
				AfterProcessingInitializeOnLoad (5ms)
				EditorAssembliesLoaded (0ms)
			ExecutionOrderSort2 (0ms)
			AwakeInstancesAfterBackupRestoration (1ms)
Platform modules already initialized, skipping
Shader 'M8/LitRepeatTile3D': fallback shader 'RepeatTile3D' not found
Shader 'M8/LitRepeatTileScroll3D': fallback shader 'RepeatTileScroll3D' not found
Refreshing native plugins compatible for Editor in 0.36 ms, found 0 plugins.
Preloading 0 native plugins for Editor in 0.00 ms.
Unloading 1203 Unused Serialized files (Serialized files now loaded: 0)
System memory in use before: 73.4 MB.
System memory in use after: 73.5 MB.

Unloading 20 unused Assets to reduce memory usage. Loaded Objects now: 1795.
Total: 2.071500 ms (FindLiveObjects: 0.096100 ms CreateObjectMapping: 0.033400 ms MarkObjects: 1.922200 ms  DeleteObjects: 0.019200 ms)

AssetImportParameters requested are different than current active one (requested -> active):
  custom:framework-win-MediaFoundation: 216162199b28c13a410421893ffa2e32 -> 
  custom:video-decoder-ogg-theora: a1e56fd34408186e4bbccfd4996cb3dc -> 
  custom:container-muxer-webm: aa71ff27fc2769a1b78a27578f13a17b -> 
  custom:container-demuxer-webm: 4f35f7cbe854078d1ac9338744f61a02 -> 
  custom:container-demuxer-ogg: 62fdf1f143b41e24485cea50d1cbac27 -> 
  custom:video-encoder-webm-vp8: eb34c28f22e8b96e1ab97ce403110664 -> 
  custom:video-decoder-webm-vp8: 9c59270c3fd7afecdb556c50c9e8de78 -> 
  custom:audio-decoder-ogg-vorbis: bf7c407c2cedff20999df2af8eb42d56 -> 
  custom:audio-encoder-webm-vorbis: bf7c407c2cedff20999df2af8eb42d56 -> 
AssetImportWorkerClient::OnTransportError - code=2 error=End of file
