
=== Fri Oct 25 09:48:29 2019

Packages were changed.
Update Mode: updateDependencies

The following packages were added:
  com.unity.2d.tilemap@1.0.0
  com.unity.collab-proxy@1.2.16
  com.unity.ext.nunit@1.0.0
  com.unity.test-framework@1.0.13
  com.unity.timeline@1.1.0
  com.unity.2d.sprite@1.0.0
  com.unity.ide.vscode@1.1.2
  com.unity.ide.rider@1.1.0
  com.unity.ugui@1.0.0
  com.unity.modules.androidjni@1.0.0
  com.unity.multiplayer-hlapi@1.0.2
  com.unity.xr.legacyinputhelpers@2.0.2
The following packages were updated:
  com.unity.package-manager-ui from version 1.9.11 to 2.2.0

=== Thu Dec  8 21:27:40 2022

Packages were changed.
Update Mode: updateDependencies

The following packages were added:
  com.unity.ide.visualstudio@2.0.15
The following packages were updated:
  com.unity.collab-proxy from version 1.2.16 to 1.14.18
  com.unity.ext.nunit from version 1.0.0 to 1.0.6
  com.unity.ide.rider from version 1.1.0 to 1.2.1
  com.unity.ide.vscode from version 1.1.2 to 1.2.5
  com.unity.multiplayer-hlapi from version 1.0.2 to 1.0.8
  com.unity.test-framework from version 1.0.13 to 1.1.31
  com.unity.timeline from version 1.1.0 to 1.2.18
  com.unity.xr.legacyinputhelpers from version 2.0.2 to 2.1.9
The following packages were removed:
  com.unity.package-manager-ui@2.2.0

=== Fri Apr 14 10:57:11 2023

Packages were changed.
Update Mode: updateDependencies

The following packages were updated:
  com.unity.timeline from version 1.2.18 to 1.4.8
